<?xml version="1.0" encoding="UTF-8"?>
<!-- Generated by org.testng.reporters.JUnitReportReporter -->
<testsuite hostname="LAPTOP-0VDS8URQ" failures="0" tests="2" name="tests.Rediff_createNewAccountTest" time="12.117" errors="0" timestamp="12 Jun 2021 18:41:18 GMT">
  <testcase classname="tests.Rediff_createNewAccountTest" name="rediffmethod2" time="9.521"/>
  <testcase classname="tests.Rediff_createNewAccountTest" name="rediffmethod1" time="2.596"/>
</testsuite> <!-- tests.Rediff_createNewAccountTest -->
