<?xml version="1.0" encoding="UTF-8"?>
<!-- Generated by org.testng.reporters.JUnitReportReporter -->
<testsuite hostname="LAPTOP-0VDS8URQ" failures="0" tests="3" name="tests.Rediff_ShoppingTest" time="21.058" errors="0" timestamp="12 Jun 2021 18:41:18 GMT">
  <testcase classname="tests.Rediff_ShoppingTest" name="rediffShoppingPage_validations" time="4.264"/>
  <testcase classname="tests.Rediff_ShoppingTest" name="Rediff_loginPageValidation" time="2.580"/>
  <testcase classname="tests.Rediff_ShoppingTest" name="rediffShoppingPage_Method" time="14.214"/>
</testsuite> <!-- tests.Rediff_ShoppingTest -->
