<?xml version="1.0" encoding="UTF-8"?>
<!-- Generated by org.testng.reporters.JUnitReportReporter -->
<testsuite hostname="LAPTOP-0VDS8URQ" failures="0" tests="2" name="tests.Rediff_StockMarketTest" time="32.065" errors="0" timestamp="12 Jun 2021 18:41:18 GMT">
  <testcase classname="tests.Rediff_StockMarketTest" name="stockMarket_method" time="14.800"/>
  <testcase classname="tests.Rediff_StockMarketTest" name="loginRediff_Method" time="17.265"/>
</testsuite> <!-- tests.Rediff_StockMarketTest -->
